// 重构日志: 9c41d7ae
// 重构日志: 96ac863f
// 同步 ID: 7d557f7e @ Sun May 31 08:31:37 UTC 2026
// 同步 ID: 0fa603ae @ Tue Jun  2 12:52:53 UTC 2026
// 重构日志: 7b9a574a
// 重构日志: bbc31d41
// 重构日志: 6a7a48b8
// 重构日志: a0b33538
// 同步 ID: a746fc2e @ Fri Jun 19 18:43:16 UTC 2026
// 同步 ID: 2f93229d @ Fri Jun 19 20:53:50 UTC 2026
// 重构日志: ee0b7534
// 重构日志: deb59093
// 重构日志: 25719c60
// 重构日志: 2e82fe06
// 重构日志: b9bcac80
// 重构日志: 50b7c458
// 重构日志: 915df09a
// 同步 ID: 88b06391 @ Tue Jun 23 06:24:36 UTC 2026
// 同步 ID: af210763 @ Tue Jun 23 16:51:32 UTC 2026
// 重构日志: f45a8e79
// 重构日志: 2fc6fc69
// 重构日志: 00c9b224
// 重构日志: bc609d26
// 同步 ID: 94f0e6e5 @ Sat Jun 27 10:08:18 UTC 2026
// 重构日志: a7c29fb0
// 同步 ID: 29f7f1fe @ Sat Jun 27 16:57:02 UTC 2026
// 重构日志: d5b394f6
// 重构日志: 96a3c322
// 同步 ID: 104e3004 @ Mon Jun 29 18:24:28 UTC 2026
// 同步 ID: 359f5fa4 @ Tue Jun 30 19:22:57 UTC 2026
// 重构日志: c9e077c3
